<?xml version="1.0" encoding="UTF-8" ?>
<testsuite tests="2" failures="0" name="StartPageTest" time="168.143" errors="2" skipped="0">
  <properties>
    <property name="java.runtime.name" value="OpenJDK Runtime Environment"/>
    <property name="java.vm.version" value="14.0.2+12-46"/>
    <property name="sun.boot.library.path" value="C:\Users\Andra Cardas\.jdks\openjdk-14.0.2\bin"/>
    <property name="maven.multiModuleProjectDirectory" value="C:/Users/Andra Cardas/IdeaProjects/JavaStandaloneAndroidiOS"/>
    <property name="java.vm.vendor" value="Oracle Corporation"/>
    <property name="java.vendor.url" value="https://java.oracle.com/"/>
    <property name="guice.disable.misplaced.annotation.check" value="true"/>
    <property name="path.separator" value=";"/>
    <property name="java.vm.name" value="OpenJDK 64-Bit Server VM"/>
    <property name="sun.os.patch.level" value=""/>
    <property name="user.script" value=""/>
    <property name="user.country" value="US"/>
    <property name="sun.java.launcher" value="SUN_STANDARD"/>
    <property name="java.vm.specification.name" value="Java Virtual Machine Specification"/>
    <property name="user.dir" value="C:\Users\Andra Cardas\IdeaProjects\JavaStandaloneAndroidiOS"/>
    <property name="java.vm.compressedOopsMode" value="32-bit"/>
    <property name="java.runtime.version" value="14.0.2+12-46"/>
    <property name="os.arch" value="amd64"/>
    <property name="java.io.tmpdir" value="C:\Users\ANDRAC~1\AppData\Local\Temp\"/>
    <property name="line.separator" value="
"/>
    <property name="java.vm.specification.vendor" value="Oracle Corporation"/>
    <property name="user.variant" value=""/>
    <property name="os.name" value="Windows 10"/>
    <property name="classworlds.conf" value="C:/Program Files/apache-maven-3.6.3/bin/m2.conf"/>
    <property name="sun.jnu.encoding" value="Cp1252"/>
    <property name="java.library.path" value="C:\Users\Andra Cardas\.jdks\openjdk-14.0.2\bin;C:\Windows\Sun\Java\bin;C:\Windows\system32;C:\Windows;C:\Users\Andra Cardas\bin;C:\Program Files\Git\mingw64\bin;C:\Program Files\Git\usr\local\bin;C:\Program Files\Git\usr\bin;C:\Program Files\Git\usr\bin;C:\Program Files\Git\mingw64\bin;C:\Program Files\Git\usr\bin;C:\Users\Andra Cardas\bin;C:\Users\Andra Cardas\AppData\Local\Microsoft\WindowsApps\PythonSoftwareFoundation.Python.3.7_qbz5n2kfra8p0;C:\Program Files\AdoptOpenJDK\jre-8.0.222.10-hotspot\bin;C:\Program Files\AdoptOpenJDK\jre-11.0.4.11-hotspot\bin;C:\Program Files (x86)\AdoptOpenJDK\jre-8.0.222.10-hotspot\bin;C:\Windows\system32;C:\Windows;C:\Windows\System32\Wbem;C:\Windows\System32\WindowsPowerShell\v1.0;C:\Windows\System32\OpenSSH;C:\Program Files\nodejs;C:\Program Files\Git\cmd;C:\Program Files\dotnet;C:\Program Files\PuTTY;C:\Program Files\Git\usr\bin;C:\Program Files\Unity\Hub\Editor\2019.3.15f1\Editor\Data\PlaybackEngines\AndroidPlayer\SDK\tools;C:\platform-tools;C:\Program Files\7-Zip;C:\Users\Andra Cardas\AppData\Local\Packages\PythonSoftwareFoundation.Python.3.7_qbz5n2kfra8p0\LocalCache\local-packages\Python37\Scripts;C:\Program Files\apache-maven-3.6.3\bin;C:\Program Files\MySQL\MySQL Shell 8.0\bin;C:\Users\Andra Cardas\AppData\Local\Microsoft\WindowsApps;C:\Users\Andra Cardas\AppData\Roaming\npm;C:\Users\Andra Cardas\AppData\Local\Programs\Microsoft VS Code\bin;C:\Program Files\JetBrains\PyCharm Community Edition 2019.2.5\bin;C:\Users\Andra Cardas\.dotnet\tools;C:\Program Files\JetBrains\IntelliJ IDEA Community Edition 2020.2.1\bin;C:\Program Files\Git\usr\bin\vendor_perl;C:\Program Files\Git\usr\bin\core_perl;."/>
    <property name="maven.conf" value="C:/Program Files/apache-maven-3.6.3/conf"/>
    <property name="jdk.debug" value="release"/>
    <property name="java.class.version" value="58.0"/>
    <property name="java.specification.name" value="Java Platform API Specification"/>
    <property name="sun.management.compiler" value="HotSpot 64-Bit Tiered Compilers"/>
    <property name="os.version" value="10.0"/>
    <property name="library.jansi.path" value="C:/Program Files/apache-maven-3.6.3/lib/jansi-native"/>
    <property name="user.home" value="C:\Users\Andra Cardas"/>
    <property name="user.timezone" value="Europe/Bucharest"/>
    <property name="file.encoding" value="Cp1252"/>
    <property name="java.specification.version" value="14"/>
    <property name="user.name" value="Andra Cardas"/>
    <property name="java.class.path" value="C:/Program Files/apache-maven-3.6.3/boot/plexus-classworlds-2.6.0.jar"/>
    <property name="java.vm.specification.version" value="14"/>
    <property name="sun.arch.data.model" value="64"/>
    <property name="sun.java.command" value="org.codehaus.plexus.classworlds.launcher.Launcher test"/>
    <property name="java.home" value="C:\Users\Andra Cardas\.jdks\openjdk-14.0.2"/>
    <property name="user.language" value="en"/>
    <property name="java.specification.vendor" value="Oracle Corporation"/>
    <property name="java.vm.info" value="mixed mode, sharing"/>
    <property name="java.version" value="14.0.2"/>
    <property name="java.vendor" value="Oracle Corporation"/>
    <property name="maven.home" value="C:\Program Files\apache-maven-3.6.3"/>
    <property name="file.separator" value="\"/>
    <property name="java.version.date" value="2020-07-14"/>
    <property name="java.vendor.url.bug" value="https://bugreport.java.com/bugreport/"/>
    <property name="sun.io.unicode.encoding" value="UnicodeLittle"/>
    <property name="sun.cpu.endian" value="little"/>
    <property name="sun.cpu.isalist" value="amd64"/>
  </properties>
  <testcase classname="StartPageTest" name="StartPageTest" time="84.07">
    <error message="Could not create connection to 127.0.0.1:13000" type="ro.altom.altunitytester.altUnityTesterExceptions.ConnectionException">ro.altom.altunitytester.altUnityTesterExceptions.ConnectionException: Could not create connection to 127.0.0.1:13000
	at ro.altom.altunitytester.AltUnityDriver.&lt;init&gt;(AltUnityDriver.java:92)
	at StartPageTest.setUp(StartPageTest.java:24)
	at java.base/jdk.internal.reflect.NativeMethodAccessorImpl.invoke0(Native Method)
	at java.base/jdk.internal.reflect.NativeMethodAccessorImpl.invoke(NativeMethodAccessorImpl.java:62)
	at java.base/jdk.internal.reflect.DelegatingMethodAccessorImpl.invoke(DelegatingMethodAccessorImpl.java:43)
	at java.base/java.lang.reflect.Method.invoke(Method.java:564)
	at org.junit.runners.model.FrameworkMethod$1.runReflectiveCall(FrameworkMethod.java:59)
	at org.junit.internal.runners.model.ReflectiveCallable.run(ReflectiveCallable.java:12)
	at org.junit.runners.model.FrameworkMethod.invokeExplosively(FrameworkMethod.java:56)
	at org.junit.internal.runners.statements.RunBefores.invokeMethod(RunBefores.java:33)
	at org.junit.internal.runners.statements.RunBefores.evaluate(RunBefores.java:24)
	at org.junit.internal.runners.statements.RunAfters.evaluate(RunAfters.java:27)
	at org.junit.runners.ParentRunner$3.evaluate(ParentRunner.java:306)
	at org.junit.runners.ParentRunner.run(ParentRunner.java:413)
	at org.apache.maven.surefire.junit4.JUnit4Provider.execute(JUnit4Provider.java:252)
	at org.apache.maven.surefire.junit4.JUnit4Provider.executeTestSet(JUnit4Provider.java:141)
	at org.apache.maven.surefire.junit4.JUnit4Provider.invoke(JUnit4Provider.java:112)
	at java.base/jdk.internal.reflect.NativeMethodAccessorImpl.invoke0(Native Method)
	at java.base/jdk.internal.reflect.NativeMethodAccessorImpl.invoke(NativeMethodAccessorImpl.java:62)
	at java.base/jdk.internal.reflect.DelegatingMethodAccessorImpl.invoke(DelegatingMethodAccessorImpl.java:43)
	at java.base/java.lang.reflect.Method.invoke(Method.java:564)
	at org.apache.maven.surefire.util.ReflectionUtils.invokeMethodWithArray(ReflectionUtils.java:189)
	at org.apache.maven.surefire.booter.ProviderFactory$ProviderProxy.invoke(ProviderFactory.java:165)
	at org.apache.maven.surefire.booter.ProviderFactory.invokeProvider(ProviderFactory.java:85)
	at org.apache.maven.surefire.booter.ForkedBooter.runSuitesInProcess(ForkedBooter.java:115)
	at org.apache.maven.surefire.booter.ForkedBooter.main(ForkedBooter.java:75)
Caused by: java.lang.Throwable
	... 26 more
</error>
    <system-out>2020-09-24 10:44:56 INFO  AltUnityDriver:63    -   Initializing connection to 127.0.0.1:13000
252324 [main] INFO ro.altom.altunitytester.AltUnityDriver  - Initializing connection to 127.0.0.1:13000
252324 [main] INFO ro.altom.altunitytester.AltUnityDriver  - Initializing connection to 127.0.0.1:13000
252324 [main] INFO ro.altom.altunitytester.AltUnityDriver  - Initializing connection to 127.0.0.1:13000
252324 [main] INFO ro.altom.altunitytester.AltUnityDriver  - Initializing connection to 127.0.0.1:13000
AltUnityServer not running on port 13000,retrying (timing out in 60 secs)...
AltUnityServer not running on port 13000, retrying (timing out in 60 secs)...
2020-09-24 10:45:03 INFO  AltUnityDriver:63    -   Initializing connection to 127.0.0.1:13000
259332 [main] INFO ro.altom.altunitytester.AltUnityDriver  - Initializing connection to 127.0.0.1:13000
259332 [main] INFO ro.altom.altunitytester.AltUnityDriver  - Initializing connection to 127.0.0.1:13000
259332 [main] INFO ro.altom.altunitytester.AltUnityDriver  - Initializing connection to 127.0.0.1:13000
259332 [main] INFO ro.altom.altunitytester.AltUnityDriver  - Initializing connection to 127.0.0.1:13000
AltUnityServer not running on port 13000,retrying (timing out in 55 secs)...
AltUnityServer not running on port 13000, retrying (timing out in 55 secs)...
2020-09-24 10:45:10 INFO  AltUnityDriver:63    -   Initializing connection to 127.0.0.1:13000
266337 [main] INFO ro.altom.altunitytester.AltUnityDriver  - Initializing connection to 127.0.0.1:13000
266337 [main] INFO ro.altom.altunitytester.AltUnityDriver  - Initializing connection to 127.0.0.1:13000
266337 [main] INFO ro.altom.altunitytester.AltUnityDriver  - Initializing connection to 127.0.0.1:13000
266337 [main] INFO ro.altom.altunitytester.AltUnityDriver  - Initializing connection to 127.0.0.1:13000
AltUnityServer not running on port 13000,retrying (timing out in 50 secs)...
AltUnityServer not running on port 13000, retrying (timing out in 50 secs)...
2020-09-24 10:45:17 INFO  AltUnityDriver:63    -   Initializing connection to 127.0.0.1:13000
273345 [main] INFO ro.altom.altunitytester.AltUnityDriver  - Initializing connection to 127.0.0.1:13000
273345 [main] INFO ro.altom.altunitytester.AltUnityDriver  - Initializing connection to 127.0.0.1:13000
273345 [main] INFO ro.altom.altunitytester.AltUnityDriver  - Initializing connection to 127.0.0.1:13000
273345 [main] INFO ro.altom.altunitytester.AltUnityDriver  - Initializing connection to 127.0.0.1:13000
AltUnityServer not running on port 13000,retrying (timing out in 45 secs)...
AltUnityServer not running on port 13000, retrying (timing out in 45 secs)...
2020-09-24 10:45:24 INFO  AltUnityDriver:63    -   Initializing connection to 127.0.0.1:13000
280350 [main] INFO ro.altom.altunitytester.AltUnityDriver  - Initializing connection to 127.0.0.1:13000
280350 [main] INFO ro.altom.altunitytester.AltUnityDriver  - Initializing connection to 127.0.0.1:13000
280350 [main] INFO ro.altom.altunitytester.AltUnityDriver  - Initializing connection to 127.0.0.1:13000
280350 [main] INFO ro.altom.altunitytester.AltUnityDriver  - Initializing connection to 127.0.0.1:13000
AltUnityServer not running on port 13000,retrying (timing out in 40 secs)...
AltUnityServer not running on port 13000, retrying (timing out in 40 secs)...
2020-09-24 10:45:31 INFO  AltUnityDriver:63    -   Initializing connection to 127.0.0.1:13000
287355 [main] INFO ro.altom.altunitytester.AltUnityDriver  - Initializing connection to 127.0.0.1:13000
287355 [main] INFO ro.altom.altunitytester.AltUnityDriver  - Initializing connection to 127.0.0.1:13000
287355 [main] INFO ro.altom.altunitytester.AltUnityDriver  - Initializing connection to 127.0.0.1:13000
287355 [main] INFO ro.altom.altunitytester.AltUnityDriver  - Initializing connection to 127.0.0.1:13000
AltUnityServer not running on port 13000,retrying (timing out in 35 secs)...
AltUnityServer not running on port 13000, retrying (timing out in 35 secs)...
2020-09-24 10:45:38 INFO  AltUnityDriver:63    -   Initializing connection to 127.0.0.1:13000
294362 [main] INFO ro.altom.altunitytester.AltUnityDriver  - Initializing connection to 127.0.0.1:13000
294362 [main] INFO ro.altom.altunitytester.AltUnityDriver  - Initializing connection to 127.0.0.1:13000
294362 [main] INFO ro.altom.altunitytester.AltUnityDriver  - Initializing connection to 127.0.0.1:13000
294362 [main] INFO ro.altom.altunitytester.AltUnityDriver  - Initializing connection to 127.0.0.1:13000
AltUnityServer not running on port 13000,retrying (timing out in 30 secs)...
AltUnityServer not running on port 13000, retrying (timing out in 30 secs)...
2020-09-24 10:45:45 INFO  AltUnityDriver:63    -   Initializing connection to 127.0.0.1:13000
301368 [main] INFO ro.altom.altunitytester.AltUnityDriver  - Initializing connection to 127.0.0.1:13000
301368 [main] INFO ro.altom.altunitytester.AltUnityDriver  - Initializing connection to 127.0.0.1:13000
301368 [main] INFO ro.altom.altunitytester.AltUnityDriver  - Initializing connection to 127.0.0.1:13000
301368 [main] INFO ro.altom.altunitytester.AltUnityDriver  - Initializing connection to 127.0.0.1:13000
AltUnityServer not running on port 13000,retrying (timing out in 25 secs)...
AltUnityServer not running on port 13000, retrying (timing out in 25 secs)...
2020-09-24 10:45:52 INFO  AltUnityDriver:63    -   Initializing connection to 127.0.0.1:13000
308375 [main] INFO ro.altom.altunitytester.AltUnityDriver  - Initializing connection to 127.0.0.1:13000
308375 [main] INFO ro.altom.altunitytester.AltUnityDriver  - Initializing connection to 127.0.0.1:13000
308375 [main] INFO ro.altom.altunitytester.AltUnityDriver  - Initializing connection to 127.0.0.1:13000
308375 [main] INFO ro.altom.altunitytester.AltUnityDriver  - Initializing connection to 127.0.0.1:13000
AltUnityServer not running on port 13000,retrying (timing out in 20 secs)...
AltUnityServer not running on port 13000, retrying (timing out in 20 secs)...
2020-09-24 10:45:59 INFO  AltUnityDriver:63    -   Initializing connection to 127.0.0.1:13000
315383 [main] INFO ro.altom.altunitytester.AltUnityDriver  - Initializing connection to 127.0.0.1:13000
315383 [main] INFO ro.altom.altunitytester.AltUnityDriver  - Initializing connection to 127.0.0.1:13000
315383 [main] INFO ro.altom.altunitytester.AltUnityDriver  - Initializing connection to 127.0.0.1:13000
315383 [main] INFO ro.altom.altunitytester.AltUnityDriver  - Initializing connection to 127.0.0.1:13000
AltUnityServer not running on port 13000,retrying (timing out in 15 secs)...
AltUnityServer not running on port 13000, retrying (timing out in 15 secs)...
2020-09-24 10:46:06 INFO  AltUnityDriver:63    -   Initializing connection to 127.0.0.1:13000
322389 [main] INFO ro.altom.altunitytester.AltUnityDriver  - Initializing connection to 127.0.0.1:13000
322389 [main] INFO ro.altom.altunitytester.AltUnityDriver  - Initializing connection to 127.0.0.1:13000
322389 [main] INFO ro.altom.altunitytester.AltUnityDriver  - Initializing connection to 127.0.0.1:13000
322389 [main] INFO ro.altom.altunitytester.AltUnityDriver  - Initializing connection to 127.0.0.1:13000
AltUnityServer not running on port 13000,retrying (timing out in 10 secs)...
AltUnityServer not running on port 13000, retrying (timing out in 10 secs)...
2020-09-24 10:46:13 INFO  AltUnityDriver:63    -   Initializing connection to 127.0.0.1:13000
329398 [main] INFO ro.altom.altunitytester.AltUnityDriver  - Initializing connection to 127.0.0.1:13000
329398 [main] INFO ro.altom.altunitytester.AltUnityDriver  - Initializing connection to 127.0.0.1:13000
329398 [main] INFO ro.altom.altunitytester.AltUnityDriver  - Initializing connection to 127.0.0.1:13000
329398 [main] INFO ro.altom.altunitytester.AltUnityDriver  - Initializing connection to 127.0.0.1:13000
AltUnityServer not running on port 13000,retrying (timing out in 5 secs)...
AltUnityServer not running on port 13000, retrying (timing out in 5 secs)...
</system-out>
  </testcase>
  <testcase classname="StartPageTest" name="StartPageTest" time="84.073">
    <error type="java.lang.NullPointerException">java.lang.NullPointerException
	at StartPageTest.tearDown(StartPageTest.java:37)
	at java.base/jdk.internal.reflect.NativeMethodAccessorImpl.invoke0(Native Method)
	at java.base/jdk.internal.reflect.NativeMethodAccessorImpl.invoke(NativeMethodAccessorImpl.java:62)
	at java.base/jdk.internal.reflect.DelegatingMethodAccessorImpl.invoke(DelegatingMethodAccessorImpl.java:43)
	at java.base/java.lang.reflect.Method.invoke(Method.java:564)
	at org.junit.runners.model.FrameworkMethod$1.runReflectiveCall(FrameworkMethod.java:59)
	at org.junit.internal.runners.model.ReflectiveCallable.run(ReflectiveCallable.java:12)
	at org.junit.runners.model.FrameworkMethod.invokeExplosively(FrameworkMethod.java:56)
	at org.junit.internal.runners.statements.RunAfters.invokeMethod(RunAfters.java:46)
	at org.junit.internal.runners.statements.RunAfters.evaluate(RunAfters.java:33)
	at org.junit.runners.ParentRunner$3.evaluate(ParentRunner.java:306)
	at org.junit.runners.ParentRunner.run(ParentRunner.java:413)
	at org.apache.maven.surefire.junit4.JUnit4Provider.execute(JUnit4Provider.java:252)
	at org.apache.maven.surefire.junit4.JUnit4Provider.executeTestSet(JUnit4Provider.java:141)
	at org.apache.maven.surefire.junit4.JUnit4Provider.invoke(JUnit4Provider.java:112)
	at java.base/jdk.internal.reflect.NativeMethodAccessorImpl.invoke0(Native Method)
	at java.base/jdk.internal.reflect.NativeMethodAccessorImpl.invoke(NativeMethodAccessorImpl.java:62)
	at java.base/jdk.internal.reflect.DelegatingMethodAccessorImpl.invoke(DelegatingMethodAccessorImpl.java:43)
	at java.base/java.lang.reflect.Method.invoke(Method.java:564)
	at org.apache.maven.surefire.util.ReflectionUtils.invokeMethodWithArray(ReflectionUtils.java:189)
	at org.apache.maven.surefire.booter.ProviderFactory$ProviderProxy.invoke(ProviderFactory.java:165)
	at org.apache.maven.surefire.booter.ProviderFactory.invokeProvider(ProviderFactory.java:85)
	at org.apache.maven.surefire.booter.ForkedBooter.runSuitesInProcess(ForkedBooter.java:115)
	at org.apache.maven.surefire.booter.ForkedBooter.main(ForkedBooter.java:75)
</error>
  </testcase>
</testsuite>